c:\users\quinn.mosher\documents\github\retrogame\aie year1 framework vs2013_quinnm\obj\vc120.pdb
c:\users\quinn.mosher\documents\github\retrogame\aie year1 framework vs2013_quinnm\obj\vc120.idb
c:\users\quinn.mosher\documents\github\retrogame\aie year1 framework vs2013_quinnm\obj\bigenemy.obj
c:\users\quinn.mosher\documents\github\retrogame\aie year1 framework vs2013_quinnm\obj\bullet.obj
c:\users\quinn.mosher\documents\github\retrogame\aie year1 framework vs2013_quinnm\obj\entity.obj
c:\users\quinn.mosher\documents\github\retrogame\aie year1 framework vs2013_quinnm\obj\game.obj
c:\users\quinn.mosher\documents\github\retrogame\aie year1 framework vs2013_quinnm\obj\globalinfo.obj
c:\users\quinn.mosher\documents\github\retrogame\aie year1 framework vs2013_quinnm\obj\main.obj
c:\users\quinn.mosher\documents\github\retrogame\aie year1 framework vs2013_quinnm\obj\player.obj
c:\users\quinn.mosher\documents\github\retrogame\aie year1 framework vs2013_quinnm\obj\point.obj
c:\users\quinn.mosher\documents\github\retrogame\aie year1 framework vs2013_quinnm\obj\enemy.obj
c:\users\quinn.mosher\documents\github\retrogame\aie year1 framework vs2013_quinnm\obj\fastenemy.obj
c:\users\quinn.mosher\documents\github\retrogame\aie year1 framework vs2013_quinnm\obj\aie template.tlog\cl.command.1.tlog
c:\users\quinn.mosher\documents\github\retrogame\aie year1 framework vs2013_quinnm\obj\aie template.tlog\cl.read.1.tlog
c:\users\quinn.mosher\documents\github\retrogame\aie year1 framework vs2013_quinnm\obj\aie template.tlog\cl.write.1.tlog
c:\users\quinn.mosher\documents\github\retrogame\aie year1 framework vs2013_quinnm\obj\aie template.tlog\link.1372.read.1.tlog
c:\users\quinn.mosher\documents\github\retrogame\aie year1 framework vs2013_quinnm\obj\aie template.tlog\link.1372.write.1.tlog
c:\users\quinn.mosher\documents\github\retrogame\aie year1 framework vs2013_quinnm\obj\aie template.tlog\link.3868.read.1.tlog
c:\users\quinn.mosher\documents\github\retrogame\aie year1 framework vs2013_quinnm\obj\aie template.tlog\link.3868.write.1.tlog
c:\users\quinn.mosher\documents\github\retrogame\aie year1 framework vs2013_quinnm\obj\aie template.tlog\link.6080.read.1.tlog
c:\users\quinn.mosher\documents\github\retrogame\aie year1 framework vs2013_quinnm\obj\aie template.tlog\link.6080.write.1.tlog
c:\users\quinn.mosher\documents\github\retrogame\aie year1 framework vs2013_quinnm\obj\aie template.tlog\link.6100.read.1.tlog
c:\users\quinn.mosher\documents\github\retrogame\aie year1 framework vs2013_quinnm\obj\aie template.tlog\link.6100.write.1.tlog
c:\users\quinn.mosher\documents\github\retrogame\aie year1 framework vs2013_quinnm\obj\aie template.tlog\link.7928.read.1.tlog
c:\users\quinn.mosher\documents\github\retrogame\aie year1 framework vs2013_quinnm\obj\aie template.tlog\link.7928.write.1.tlog
c:\users\quinn.mosher\documents\github\retrogame\aie year1 framework vs2013_quinnm\obj\aie template.tlog\link.8028.read.1.tlog
c:\users\quinn.mosher\documents\github\retrogame\aie year1 framework vs2013_quinnm\obj\aie template.tlog\link.8028.write.1.tlog
c:\users\quinn.mosher\documents\github\retrogame\aie year1 framework vs2013_quinnm\obj\aie template.tlog\link.command.1.tlog
c:\users\quinn.mosher\documents\github\retrogame\aie year1 framework vs2013_quinnm\obj\aie template.tlog\link.read.1.tlog
c:\users\quinn.mosher\documents\github\retrogame\aie year1 framework vs2013_quinnm\obj\aie template.tlog\link.write.1.tlog
